(.venv) za@za-Vivobook-ASUSLaptop-M3504YA-M3504YA:~/Documents/IaC/2git/les25/testing/yc/network_yaml$ ./pytest_api.sh 
Enter Pulumi passphrase: 
++ pytest --verbosity=1 test_api.py
============================================================================================================ test session starts =============================================================================================================
platform linux -- Python 3.10.12, pytest-9.0.2, pluggy-1.6.0 -- /home/za/Documents/IaC/2git/les25/testing/yc/network_yaml/.venv/bin/python3
cachedir: .pytest_cache
rootdir: /home/za/Documents/IaC/2git/les25/testing/yc/network_yaml
collected 2 items                                                                                                                                                                                                                            

test_api.py::test_network_id_output_exists PASSED                                                                                                                                                                                      [ 50%]
test_api.py::test_network_id_value_is_not_null PASSED                                                                                                                                                                                  [100%]

============================================================================================================= 2 passed in 10.18s =============================================================================================================
++ set +x
