(.venv) za@za-Vivobook-ASUSLaptop-M3504YA-M3504YA:~/Documents/IaC/2git/les25/testing/hello$ ./pytest_api.sh 
Enter Pulumi passphrase: 
++ pytest test_api.py
============================================================================================================ test session starts =============================================================================================================
platform linux -- Python 3.10.12, pytest-9.0.2, pluggy-1.6.0
rootdir: /home/za/Documents/IaC/2git/les25/testing/hello
collected 2 items                                                                                                                                                                                                                            

test_api.py ..                                                                                                                                                                                                                         [100%]

============================================================================================================= 2 passed in 4.16s ==============================================================================================================
++ set +x
